# JRE version: Java(TM) SE Runtime Environment (8.0_101-b13) (build 1.8.0_101-b13)
# Java VM: Java HotSpot(TM) 64-Bit Server VM (25.101-b13 mixed mode windows-amd64 compressed oops)
Heap:
 PSYoungGen      total 228352K, used 211208K [0x00000000eab00000, 0x0000000100000000, 0x0000000100000000)
  eden space 116736K, 100% used [0x00000000eab00000,0x00000000f1d00000,0x00000000f1d00000)
  from space 111616K, 84% used [0x00000000f9180000,0x00000000fedc2320,0x00000000ffe80000)
  to   space 116224K, 37% used [0x00000000f1d00000,0x00000000f48137d0,0x00000000f8e80000)
 ParOldGen       total 699392K, used 676452K [0x00000000c0000000, 0x00000000eab00000, 0x00000000eab00000)
  object space 699392K, 96% used [0x00000000c0000000,0x00000000e9499280,0x00000000eab00000)
 Metaspace       used 6680K, capacity 7320K, committed 7680K, reserved 1056768K
  class space    used 629K, capacity 656K, committed 768K, reserved 1048576K
GC Heap History (10 events):
Event: 48.519 GC heap after
Heap after GC invocations=43 (full 6):
 PSYoungGen      total 166400K, used 49575K [0x00000000eab00000, 0x00000000ff700000, 0x0000000100000000)
  eden space 116736K, 0% used [0x00000000eab00000,0x00000000eab00000,0x00000000f1d00000)
  from space 49664K, 99% used [0x00000000f1d00000,0x00000000f4d69cf8,0x00000000f4d80000)
  to   space 111616K, 0% used [0x00000000f8a00000,0x00000000f8a00000,0x00000000ff700000)
 ParOldGen       total 643072K, used 602935K [0x00000000c0000000, 0x00000000e7400000, 0x00000000eab00000)
  object space 643072K, 93% used [0x00000000c0000000,0x00000000e4ccdc78,0x00000000e7400000)
 Metaspace       used 6680K, capacity 7320K, committed 7680K, reserved 1056768K
  class space    used 629K, capacity 656K, committed 768K, reserved 1048576K
}
Event: 48.519 GC heap before
{Heap before GC invocations=44 (full 7):
 PSYoungGen      total 166400K, used 49575K [0x00000000eab00000, 0x00000000ff700000, 0x0000000100000000)
  eden space 116736K, 0% used [0x00000000eab00000,0x00000000eab00000,0x00000000f1d00000)
  from space 49664K, 99% used [0x00000000f1d00000,0x00000000f4d69cf8,0x00000000f4d80000)
  to   space 111616K, 0% used [0x00000000f8a00000,0x00000000f8a00000,0x00000000ff700000)
 ParOldGen       total 643072K, used 602935K [0x00000000c0000000, 0x00000000e7400000, 0x00000000eab00000)
  object space 643072K, 93% used [0x00000000c0000000,0x00000000e4ccdc78,0x00000000e7400000)
 Metaspace       used 6680K, capacity 7320K, committed 7680K, reserved 1056768K
  class space    used 629K, capacity 656K, committed 768K, reserved 1048576K
Event: 51.035 GC heap after
Heap after GC invocations=44 (full 7):
 PSYoungGen      total 166400K, used 0K [0x00000000eab00000, 0x00000000ff700000, 0x0000000100000000)
  eden space 116736K, 0% used [0x00000000eab00000,0x00000000eab00000,0x00000000f1d00000)
  from space 49664K, 0% used [0x00000000f1d00000,0x00000000f1d00000,0x00000000f4d80000)
  to   space 111616K, 0% used [0x00000000f8a00000,0x00000000f8a00000,0x00000000ff700000)
 ParOldGen       total 699392K, used 642481K [0x00000000c0000000, 0x00000000eab00000, 0x00000000eab00000)
  object space 699392K, 91% used [0x00000000c0000000,0x00000000e736c488,0x00000000eab00000)
 Metaspace       used 6680K, capacity 7320K, committed 7680K, reserved 1056768K
  class space    used 629K, capacity 656K, committed 768K, reserved 1048576K
}
Event: 51.231 GC heap before
{Heap before GC invocations=45 (full 7):
 PSYoungGen      total 166400K, used 116736K [0x00000000eab00000, 0x00000000ff700000, 0x0000000100000000)
  eden space 116736K, 100% used [0x00000000eab00000,0x00000000f1d00000,0x00000000f1d00000)
  from space 49664K, 0% used [0x00000000f1d00000,0x00000000f1d00000,0x00000000f4d80000)
  to   space 111616K, 0% used [0x00000000f8a00000,0x00000000f8a00000,0x00000000ff700000)
 ParOldGen       total 699392K, used 642481K [0x00000000c0000000, 0x00000000eab00000, 0x00000000eab00000)
  object space 699392K, 91% used [0x00000000c0000000,0x00000000e736c488,0x00000000eab00000)
 Metaspace       used 6680K, capacity 7320K, committed 7680K, reserved 1056768K
  class space    used 629K, capacity 656K, committed 768K, reserved 1048576K
Event: 51.315 GC heap after
Heap after GC invocations=45 (full 7):
 PSYoungGen      total 226816K, used 69280K [0x00000000eab00000, 0x0000000100000000, 0x0000000100000000)
  eden space 115200K, 0% used [0x00000000eab00000,0x00000000eab00000,0x00000000f1b80000)
  from space 111616K, 62% used [0x00000000f8a00000,0x00000000fcda8188,0x00000000ff700000)
  to   space 113152K, 0% used [0x00000000f1b80000,0x00000000f1b80000,0x00000000f8a00000)
 ParOldGen       total 699392K, used 642481K [0x00000000c0000000, 0x00000000eab00000, 0x00000000eab00000)
  object space 699392K, 91% used [0x00000000c0000000,0x00000000e736c488,0x00000000eab00000)
 Metaspace       used 6680K, capacity 7320K, committed 7680K, reserved 1056768K
  class space    used 629K, capacity 656K, committed 768K, reserved 1048576K
}
Event: 52.177 GC heap before
{Heap before GC invocations=46 (full 7):
 PSYoungGen      total 226816K, used 184480K [0x00000000eab00000, 0x0000000100000000, 0x0000000100000000)
  eden space 115200K, 100% used [0x00000000eab00000,0x00000000f1b80000,0x00000000f1b80000)
  from space 111616K, 62% used [0x00000000f8a00000,0x00000000fcda8188,0x00000000ff700000)
  to   space 113152K, 0% used [0x00000000f1b80000,0x00000000f1b80000,0x00000000f8a00000)
 ParOldGen       total 699392K, used 642481K [0x00000000c0000000, 0x00000000eab00000, 0x00000000eab00000)
  object space 699392K, 91% used [0x00000000c0000000,0x00000000e736c488,0x00000000eab00000)
 Metaspace       used 6680K, capacity 7320K, committed 7680K, reserved 1056768K
  class space    used 629K, capacity 656K, committed 768K, reserved 1048576K
Event: 52.315 GC heap after
Heap after GC invocations=46 (full 7):
 PSYoungGen      total 228352K, used 62755K [0x00000000eab00000, 0x00000000ffe80000, 0x0000000100000000)
  eden space 115200K, 0% used [0x00000000eab00000,0x00000000eab00000,0x00000000f1b80000)
  from space 113152K, 55% used [0x00000000f1b80000,0x00000000f58c8fb0,0x00000000f8a00000)
  to   space 111616K, 0% used [0x00000000f9180000,0x00000000f9180000,0x00000000ffe80000)
 ParOldGen       total 699392K, used 642481K [0x00000000c0000000, 0x00000000eab00000, 0x00000000eab00000)
  object space 699392K, 91% used [0x00000000c0000000,0x00000000e736c488,0x00000000eab00000)
 Metaspace       used 6680K, capacity 7320K, committed 7680K, reserved 1056768K
  class space    used 629K, capacity 656K, committed 768K, reserved 1048576K
}
Event: 52.615 GC heap before
{Heap before GC invocations=47 (full 7):
 PSYoungGen      total 228352K, used 177955K [0x00000000eab00000, 0x00000000ffe80000, 0x0000000100000000)
  eden space 115200K, 100% used [0x00000000eab00000,0x00000000f1b80000,0x00000000f1b80000)
  from space 113152K, 55% used [0x00000000f1b80000,0x00000000f58c8fb0,0x00000000f8a00000)
  to   space 111616K, 0% used [0x00000000f9180000,0x00000000f9180000,0x00000000ffe80000)
 ParOldGen       total 699392K, used 642481K [0x00000000c0000000, 0x00000000eab00000, 0x00000000eab00000)
  object space 699392K, 91% used [0x00000000c0000000,0x00000000e736c488,0x00000000eab00000)
 Metaspace       used 6680K, capacity 7320K, committed 7680K, reserved 1056768K
  class space    used 629K, capacity 656K, committed 768K, reserved 1048576K
Event: 52.747 GC heap after
Heap after GC invocations=47 (full 7):
 PSYoungGen      total 228352K, used 94472K [0x00000000eab00000, 0x0000000100000000, 0x0000000100000000)
  eden space 116736K, 0% used [0x00000000eab00000,0x00000000eab00000,0x00000000f1d00000)
  from space 111616K, 84% used [0x00000000f9180000,0x00000000fedc2320,0x00000000ffe80000)
  to   space 116224K, 0% used [0x00000000f1d00000,0x00000000f1d00000,0x00000000f8e80000)
 ParOldGen       total 699392K, used 642481K [0x00000000c0000000, 0x00000000eab00000, 0x00000000eab00000)
  object space 699392K, 91% used [0x00000000c0000000,0x00000000e736c488,0x00000000eab00000)
 Metaspace       used 6680K, capacity 7320K, committed 7680K, reserved 1056768K
  class space    used 629K, capacity 656K, committed 768K, reserved 1048576K
}
Event: 53.286 GC heap before
{Heap before GC invocations=48 (full 7):
 PSYoungGen      total 228352K, used 211208K [0x00000000eab00000, 0x0000000100000000, 0x0000000100000000)
  eden space 116736K, 100% used [0x00000000eab00000,0x00000000f1d00000,0x00000000f1d00000)
  from space 111616K, 84% used [0x00000000f9180000,0x00000000fedc2320,0x00000000ffe80000)
  to   space 116224K, 0% used [0x00000000f1d00000,0x00000000f1d00000,0x00000000f8e80000)
 ParOldGen       total 699392K, used 642481K [0x00000000c0000000, 0x00000000eab00000, 0x00000000eab00000)
  object space 699392K, 91% used [0x00000000c0000000,0x00000000e736c488,0x00000000eab00000)
 Metaspace       used 6680K, capacity 7320K, committed 7680K, reserved 1056768K
  class space    used 629K, capacity 656K, committed 768K, reserved 1048576K

