# JRE version: Java(TM) SE Runtime Environment (8.0_101-b13) (build 1.8.0_101-b13)
# Java VM: Java HotSpot(TM) 64-Bit Server VM (25.101-b13 mixed mode windows-amd64 compressed oops)
Heap:
 PSYoungGen      total 273408K, used 66702K [0x00000000eab00000, 0x0000000100000000, 0x0000000100000000)
  eden space 245760K, 15% used [0x00000000eab00000,0x00000000ed124cf0,0x00000000f9b00000)
  from space 27648K, 99% used [0x00000000f9b00000,0x00000000fb5fee20,0x00000000fb600000)
  to   space 39936K, 0% used [0x00000000fd900000,0x00000000fd900000,0x0000000100000000)
 ParOldGen       total 84480K, used 61560K [0x00000000c0000000, 0x00000000c5280000, 0x00000000eab00000)
  object space 84480K, 72% used [0x00000000c0000000,0x00000000c3c1e0d0,0x00000000c5280000)
 Metaspace       used 6624K, capacity 7256K, committed 7424K, reserved 1056768K
  class space    used 626K, capacity 656K, committed 768K, reserved 1048576K
GC Heap History (10 events):
Event: 4.538 GC heap before
{Heap before GC invocations=6 (full 0):
 PSYoungGen      total 68096K, used 68093K [0x00000000eab00000, 0x00000000f3700000, 0x0000000100000000)
  eden space 65536K, 100% used [0x00000000eab00000,0x00000000eeb00000,0x00000000eeb00000)
  from space 2560K, 99% used [0x00000000eeb00000,0x00000000eed7f558,0x00000000eed80000)
  to   space 6144K, 0% used [0x00000000f3100000,0x00000000f3100000,0x00000000f3700000)
 ParOldGen       total 44032K, used 5088K [0x00000000c0000000, 0x00000000c2b00000, 0x00000000eab00000)
  object space 44032K, 11% used [0x00000000c0000000,0x00000000c04f8360,0x00000000c2b00000)
 Metaspace       used 6336K, capacity 7154K, committed 7296K, reserved 1056768K
  class space    used 604K, capacity 618K, committed 640K, reserved 1048576K
Event: 4.604 GC heap after
Heap after GC invocations=6 (full 0):
 PSYoungGen      total 133120K, used 6129K [0x00000000eab00000, 0x00000000f3f00000, 0x0000000100000000)
  eden space 126976K, 0% used [0x00000000eab00000,0x00000000eab00000,0x00000000f2700000)
  from space 6144K, 99% used [0x00000000f3100000,0x00000000f36fc780,0x00000000f3700000)
  to   space 10240K, 0% used [0x00000000f2700000,0x00000000f2700000,0x00000000f3100000)
 ParOldGen       total 44032K, used 10532K [0x00000000c0000000, 0x00000000c2b00000, 0x00000000eab00000)
  object space 44032K, 23% used [0x00000000c0000000,0x00000000c0a493d8,0x00000000c2b00000)
 Metaspace       used 6336K, capacity 7154K, committed 7296K, reserved 1056768K
  class space    used 604K, capacity 618K, committed 640K, reserved 1048576K
}
Event: 9.466 GC heap before
{Heap before GC invocations=7 (full 0):
 PSYoungGen      total 133120K, used 133105K [0x00000000eab00000, 0x00000000f3f00000, 0x0000000100000000)
  eden space 126976K, 100% used [0x00000000eab00000,0x00000000f2700000,0x00000000f2700000)
  from space 6144K, 99% used [0x00000000f3100000,0x00000000f36fc780,0x00000000f3700000)
  to   space 10240K, 0% used [0x00000000f2700000,0x00000000f2700000,0x00000000f3100000)
 ParOldGen       total 44032K, used 10532K [0x00000000c0000000, 0x00000000c2b00000, 0x00000000eab00000)
  object space 44032K, 23% used [0x00000000c0000000,0x00000000c0a493d8,0x00000000c2b00000)
 Metaspace       used 6488K, capacity 7192K, committed 7424K, reserved 1056768K
  class space    used 624K, capacity 656K, committed 768K, reserved 1048576K
Event: 9.701 GC heap after
Heap after GC invocations=7 (full 0):
 PSYoungGen      total 137216K, used 10218K [0x00000000eab00000, 0x00000000fc900000, 0x0000000100000000)
  eden space 126976K, 0% used [0x00000000eab00000,0x00000000eab00000,0x00000000f2700000)
  from space 10240K, 99% used [0x00000000f2700000,0x00000000f30fa888,0x00000000f3100000)
  to   space 19456K, 0% used [0x00000000fb600000,0x00000000fb600000,0x00000000fc900000)
 ParOldGen       total 44032K, used 25158K [0x00000000c0000000, 0x00000000c2b00000, 0x00000000eab00000)
  object space 44032K, 57% used [0x00000000c0000000,0x00000000c18918b0,0x00000000c2b00000)
 Metaspace       used 6488K, capacity 7192K, committed 7424K, reserved 1056768K
  class space    used 624K, capacity 656K, committed 768K, reserved 1048576K
}
Event: 14.357 GC heap before
{Heap before GC invocations=8 (full 0):
 PSYoungGen      total 137216K, used 137194K [0x00000000eab00000, 0x00000000fc900000, 0x0000000100000000)
  eden space 126976K, 100% used [0x00000000eab00000,0x00000000f2700000,0x00000000f2700000)
  from space 10240K, 99% used [0x00000000f2700000,0x00000000f30fa888,0x00000000f3100000)
  to   space 19456K, 0% used [0x00000000fb600000,0x00000000fb600000,0x00000000fc900000)
 ParOldGen       total 44032K, used 25158K [0x00000000c0000000, 0x00000000c2b00000, 0x00000000eab00000)
  object space 44032K, 57% used [0x00000000c0000000,0x00000000c18918b0,0x00000000c2b00000)
 Metaspace       used 6560K, capacity 7256K, committed 7424K, reserved 1056768K
  class space    used 625K, capacity 656K, committed 768K, reserved 1048576K
Event: 14.467 GC heap after
Heap after GC invocations=8 (full 0):
 PSYoungGen      total 265216K, used 19448K [0x00000000eab00000, 0x00000000fd900000, 0x0000000100000000)
  eden space 245760K, 0% used [0x00000000eab00000,0x00000000eab00000,0x00000000f9b00000)
  from space 19456K, 99% used [0x00000000fb600000,0x00000000fc8fe228,0x00000000fc900000)
  to   space 27648K, 0% used [0x00000000f9b00000,0x00000000f9b00000,0x00000000fb600000)
 ParOldGen       total 44032K, used 34976K [0x00000000c0000000, 0x00000000c2b00000, 0x00000000eab00000)
  object space 44032K, 79% used [0x00000000c0000000,0x00000000c2228170,0x00000000c2b00000)
 Metaspace       used 6560K, capacity 7256K, committed 7424K, reserved 1056768K
  class space    used 625K, capacity 656K, committed 768K, reserved 1048576K
}
Event: 14.467 GC heap before
{Heap before GC invocations=9 (full 1):
 PSYoungGen      total 265216K, used 19448K [0x00000000eab00000, 0x00000000fd900000, 0x0000000100000000)
  eden space 245760K, 0% used [0x00000000eab00000,0x00000000eab00000,0x00000000f9b00000)
  from space 19456K, 99% used [0x00000000fb600000,0x00000000fc8fe228,0x00000000fc900000)
  to   space 27648K, 0% used [0x00000000f9b00000,0x00000000f9b00000,0x00000000fb600000)
 ParOldGen       total 44032K, used 34976K [0x00000000c0000000, 0x00000000c2b00000, 0x00000000eab00000)
  object space 44032K, 79% used [0x00000000c0000000,0x00000000c2228170,0x00000000c2b00000)
 Metaspace       used 6560K, capacity 7256K, committed 7424K, reserved 1056768K
  class space    used 625K, capacity 656K, committed 768K, reserved 1048576K
Event: 15.439 GC heap after
Heap after GC invocations=9 (full 1):
 PSYoungGen      total 265216K, used 9175K [0x00000000eab00000, 0x00000000fd900000, 0x0000000100000000)
  eden space 245760K, 0% used [0x00000000eab00000,0x00000000eab00000,0x00000000f9b00000)
  from space 19456K, 47% used [0x00000000fb600000,0x00000000fbef5fe8,0x00000000fc900000)
  to   space 27648K, 0% used [0x00000000f9b00000,0x00000000f9b00000,0x00000000fb600000)
 ParOldGen       total 84480K, used 43752K [0x00000000c0000000, 0x00000000c5280000, 0x00000000eab00000)
  object space 84480K, 51% used [0x00000000c0000000,0x00000000c2aba2e0,0x00000000c5280000)
 Metaspace       used 6560K, capacity 7256K, committed 7424K, reserved 1056768K
  class space    used 625K, capacity 656K, committed 768K, reserved 1048576K
}
Event: 20.291 GC heap before
{Heap before GC invocations=10 (full 1):
 PSYoungGen      total 265216K, used 254935K [0x00000000eab00000, 0x00000000fd900000, 0x0000000100000000)
  eden space 245760K, 100% used [0x00000000eab00000,0x00000000f9b00000,0x00000000f9b00000)
  from space 19456K, 47% used [0x00000000fb600000,0x00000000fbef5fe8,0x00000000fc900000)
  to   space 27648K, 0% used [0x00000000f9b00000,0x00000000f9b00000,0x00000000fb600000)
 ParOldGen       total 84480K, used 43752K [0x00000000c0000000, 0x00000000c5280000, 0x00000000eab00000)
  object space 84480K, 51% used [0x00000000c0000000,0x00000000c2aba2e0,0x00000000c5280000)
 Metaspace       used 6595K, capacity 7256K, committed 7424K, reserved 1056768K
  class space    used 626K, capacity 656K, committed 768K, reserved 1048576K
Event: 20.428 GC heap after
Heap after GC invocations=10 (full 1):
 PSYoungGen      total 273408K, used 27643K [0x00000000eab00000, 0x0000000100000000, 0x0000000100000000)
  eden space 245760K, 0% used [0x00000000eab00000,0x00000000eab00000,0x00000000f9b00000)
  from space 27648K, 99% used [0x00000000f9b00000,0x00000000fb5fee20,0x00000000fb600000)
  to   space 39936K, 0% used [0x00000000fd900000,0x00000000fd900000,0x0000000100000000)
 ParOldGen       total 84480K, used 61560K [0x00000000c0000000, 0x00000000c5280000, 0x00000000eab00000)
  object space 84480K, 72% used [0x00000000c0000000,0x00000000c3c1e0d0,0x00000000c5280000)
 Metaspace       used 6595K, capacity 7256K, committed 7424K, reserved 1056768K
  class space    used 626K, capacity 656K, committed 768K, reserved 1048576K
}

